build/app/outputs/mapping/release/seeds.txt
com.example.patient_app.MainActivity
com.example.patient_app.MainActivity: MainActivity()
...
com.pichillilorenzo.flutter_inappwebview_android.chrome_custom_tabs.NoHistoryCustomTabsActivityCallbacks$1
com.pichillilorenzo.flutter_inappwebview_android.webview.in_app_webview.ThreadedInputConnectionProxyAdapterView
androidx.window.embedding.SplitRule$LayoutDir
com.pichillilorenzo.flutter_inappwebview_android.webview.in_app_webview.InAppWebViewClientCompat
com.pichillilorenzo.flutter_inappwebview_android.print_job.PrintJobSettings
com.pichillilorenzo.flutter_inappwebview_android.webview.WebViewChannelDelegate$2
androidx.lifecycle.SavedStateHandleAttacher
androidx.window.layout.ExtensionInterfaceCompat
com.pichillilorenzo.flutter_inappwebview_android.types.AndroidResource
com.pichillilorenzo.flutter_inappwebview_android.types.URLProtectionSpace
com.pichillilorenzo.flutter_inappwebview_android.webview.in_app_webview.InAppWebViewChromeClient$10
com.pichillilorenzo.flutter_inappwebview_android.webview.in_app_webview.InAppWebView$1
com.pichillilorenzo.flutter_inappwebview_android.webview.WebViewChannelDelegate$PermissionRequestCallback
com.pichillilorenzo.flutter_inappwebview_android.service_worker.ServiceWorkerChannelDelegate
com.pichillilorenzo.flutter_inappwebview_android.webview.WebViewChannelDelegate$JsAlertCallback
io.flutter.view.TextureRegistry$ImageTextureEntry
com.pichillilorenzo.flutter_inappwebview_android.webview.in_app_webview.DisplayListenerProxy$1
io.flutter.plugins.imagepicker.ImagePickerPlugin$LifeCycleObserver
androidx.appcompat.widget.ActionBarOverlayLayout
androidx.window.R$styleable
com.pichillilorenzo.flutter_inappwebview_android.types.DownloadStartRequest
com.pichillilorenzo.flutter_inappwebview_android.webview.in_app_webview.InAppWebView$6
com.pichillilorenzo.flutter_inappwebview_android.types.ICallbackResult
androidx.window.embedding.MatcherUtils
com.pichillilorenzo.flutter_inappwebview_android.find_interaction.FindInteractionController
io.flutter.plugins.urllauncher.WebViewActivity
com.pichillilorenzo.flutter_inappwebview_android.proxy.ProxyManager$4
com.pichillilorenzo.flutter_inappwebview_android.webview.WebViewChannelDelegate$ShouldOverrideUrlLoadingCallback
com.pichillilorenzo.flutter_inappwebview_android.webview.WebViewChannelDelegate$CreateWindowCallback
androidx.window.embedding.SplitRule
com.pichillilorenzo.flutter_inappwebview_android.ISettings
androidx.activity.ComponentActivity$5
com.pichillilorenzo.flutter_inappwebview_android.in_app_browser.InAppBrowserManager
androidx.window.layout.WindowBackend
com.pichillilorenzo.flutter_inappwebview_android.webview.web_message.WebMessageListenerChannelDelegate
androidx.window.embedding.ExtensionEmbeddingBackend$SplitListenerWrapper
com.pichillilorenzo.flutter_inappwebview_android.webview.in_app_webview.InAppWebViewChromeClient$6
com.pichillilorenzo.flutter_inappwebview_android.webview.ContextMenuSettings
com.pichillilorenzo.flutter_inappwebview_android.webview.in_app_webview.InAppWebView$9
com.pichillilorenzo.flutter_inappwebview_android.chrome_custom_tabs.ChromeCustomTabsActivity$1
com.pichillilorenzo.flutter_inappwebview_android.webview.in_app_webview.InAppWebView$3
com.journeyapps.barcodescanner.DecoratedBarcodeView
com.pichillilorenzo.flutter_inappwebview_android.credential_database.URLCredentialDao
androidx.window.layout.FoldingFeature$Orientation
com.pichillilorenzo.flutter_inappwebview_android.webview.in_app_webview.InAppWebViewClient$2
androidx.window.layout.ExtensionsWindowLayoutInfoAdapter
com.pichillilorenzo.flutter_inappwebview_android.plugin_scripts_js.OnWindowBlurEventJS
com.pichillilorenzo.flutter_inappwebview_android.in_app_browser.InAppBrowserActivity$3
com.pichillilorenzo.flutter_inappwebview_android.webview.WebViewChannelDelegate$8
com.pichillilorenzo.flutter_inappwebview_android.webview.in_app_webview.InAppWebViewClientCompat$1
com.pichillilorenzo.flutter_inappwebview_android.types.HitTestResult
com.pichillilorenzo.flutter_inappwebview_android.types.WebViewAssetLoaderExt$PathHandlerExtChannelDelegate$SyncHandleCallback