build/app/outputs/mapping/release/mapping.txt
# compiler: R8
# compiler_version: 3.3.70
# min_api: 21
# common_typos_disable
# {"id":"com.android.tools.r8.mapping","version":"2.0"}
# pg_map_id: e62e150
# pg_map_hash: SHA-256 e62e1502012a0633182aada380402b75c706510917770592979920cd99ac76ac
...
com.google.android.exoplayer2.ExoPlayerImplInternal$MediaSourceListUpdateMessage -> f0.m1$b:
    java.util.List mediaSourceHolders -> a
    com.google.android.exoplayer2.source.ShuffleOrder shuffleOrder -> b
    long positionUs -> d
    int windowIndex -> c
    int access$200(com.google.android.exoplayer2.ExoPlayerImplInternal$MediaSourceListUpdateMessage) -> a
    java.util.List access$300(com.google.android.exoplayer2.ExoPlayerImplInternal$MediaSourceListUpdateMessage) -> b
    com.google.android.exoplayer2.source.ShuffleOrder access$400(com.google.android.exoplayer2.ExoPlayerImplInternal$MediaSourceListUpdateMessage) -> c
    long access$500(com.google.android.exoplayer2.ExoPlayerImplInternal$MediaSourceListUpdateMessage) -> d
com.google.android.exoplayer2.ExoPlayerImplInternal$MoveMediaItemsMessage -> f0.m1$c:
    int toIndex -> b
    com.google.android.exoplayer2.source.ShuffleOrder shuffleOrder -> d
    int newFromIndex -> c
    int fromIndex -> a
com.google.android.exoplayer2.ExoPlayerImplInternal$PendingMessageInfo -> f0.m1$d:
    java.lang.Object resolvedPeriodUid -> h
    com.google.android.exoplayer2.PlayerMessage message -> e
    long resolvedPeriodTimeUs -> g
    int resolvedPeriodIndex -> f
    int compareTo(com.google.android.exoplayer2.ExoPlayerImplInternal$PendingMessageInfo) -> b
    void setResolvedPosition(int,long,java.lang.Object) -> e
com.google.android.exoplayer2.ExoPlayerImplInternal$PlaybackInfoUpdate -> f0.m1$e:
    boolean hasPlayWhenReadyChangeReason -> f
    int playWhenReadyChangeReason -> g
    int discontinuityReason -> e
    boolean hasPendingChange -> a
    com.google.android.exoplayer2.PlaybackInfo playbackInfo -> b
    int operationAcks -> c
    boolean positionDiscontinuity -> d
    boolean access$100(com.google.android.exoplayer2.ExoPlayerImplInternal$PlaybackInfoUpdate) -> a
    void incrementPendingOperationAcks(int) -> b
    void setPlayWhenReadyChangeReason(int) -> c
    void setPlaybackInfo(com.google.android.exoplayer2.PlaybackInfo) -> d
    void setPositionDiscontinuity(int) -> e
com.google.android.exoplayer2.ExoPlayerImplInternal$PlaybackInfoUpdateListener -> f0.m1$f:
    void onPlaybackInfoUpdate(com.google.android.exoplayer2.ExoPlayerImplInternal$PlaybackInfoUpdate) -> a
com.google.android.exoplayer2.ExoPlayerImplInternal$PositionUpdateForPlaylistChange -> f0.m1$g:
    com.google.android.exoplayer2.source.MediaSource$MediaPeriodId periodId -> a
    long periodPositionUs -> b
    boolean endPlayback -> e
    boolean setTargetLiveOffset -> f
    long requestedContentPositionUs -> c
    boolean forceBufferingState -> d
com.google.android.exoplayer2.ExoPlayerImplInternal$SeekPosition -> f0.m1$h:
    com.google.android.exoplayer2.Timeline timeline -> a
    long windowPositionUs -> c
    int windowIndex -> b
com.google.android.exoplayer2.ExoPlayerLibraryInfo -> f0.n1:
    java.util.HashSet registeredModules -> a
    java.lang.String registeredModulesString -> b
    void registerModule(java.lang.String) -> a
    java.lang.String registeredModules() -> b
com.google.android.exoplayer2.ExoTimeoutException -> f0.o1:
    int timeoutOperation -> e
    java.lang.String getErrorMessage(int) -> a