build/app/outputs/mapping/release/usage.txt
com.example.patient_app.BuildConfig
com.example.patient_app.R$anim
com.example.patient_app.R$animator
com.example.patient_app.R$attr
com.example.patient_app.R$bool
com.example.patient_app.R$color
com.example.patient_app.R$dimen
com.example.patient_app.R$drawable
com.example.patient_app.R$id
com.example.patient_app.R$integer
com.example.patient_app.R$interpolator
com.example.patient_app.R$layout
com.example.patient_app.R$menu
com.example.patient_app.R$mipmap
com.example.patient_app.R$raw
com.example.patient_app.R$string
com.example.patient_app.R$style
com.example.patient_app.R$styleable
com.example.patient_app.R$xml
com.example.patient_app.R
...
androidx.core.os.ParcelableCompatCreatorCallbacks
androidx.core.os.PersistableBundleApi21ImplKt
androidx.core.os.PersistableBundleApi22ImplKt
androidx.core.os.PersistableBundleKt
androidx.core.os.ProcessCompat$Api16Impl
androidx.core.os.ProcessCompat$Api17Impl
androidx.core.os.ProcessCompat$Api24Impl
androidx.core.os.ProcessCompat
androidx.core.os.TraceCompat$Api18Impl:
    private void <init>()
androidx.core.os.TraceCompat$Api29Impl
androidx.core.os.TraceCompat:
    private static final java.lang.String TAG
    private void <init>()
    public static void beginAsyncSection(java.lang.String,int)
    public static void endAsyncSection(java.lang.String,int)
    public static boolean isEnabled()
    public static void setCounter(java.lang.String,int)
androidx.core.os.TraceKt
androidx.core.os.UserHandleCompat$Api24Impl
androidx.core.os.UserHandleCompat
androidx.core.os.UserManagerCompat$Api24Impl
androidx.core.os.UserManagerCompat
androidx.core.provider.CallbackWithHandler:
    void <init>(androidx.core.provider.FontsContractCompat$FontRequestCallback)
androidx.core.provider.CalleeHandler:
    private void <init>()
androidx.core.provider.DocumentsContractCompat$DocumentCompat
androidx.core.provider.DocumentsContractCompat$DocumentsContractApi19Impl
androidx.core.provider.DocumentsContractCompat$DocumentsContractApi21Impl
androidx.core.provider.DocumentsContractCompat$DocumentsContractApi24Impl
androidx.core.provider.DocumentsContractCompat
androidx.core.provider.FontProvider$Api16Impl:
    private void <init>()
androidx.core.provider.FontProvider:
    private void <init>()
androidx.core.provider.FontRequest:
    public void <init>(java.lang.String,java.lang.String,java.lang.String,int)
    public java.lang.String getIdentifier()
androidx.core.provider.FontRequestWorker:
    private void <init>()
    static void resetTypefaceCache()
androidx.core.provider.FontsContractCompat$Columns
androidx.core.provider.FontsContractCompat$FontFamilyResult:
    public static final int STATUS_OK
    public static final int STATUS_UNEXPECTED_DATA_PROVIDED
    public static final int STATUS_WRONG_CERTIFICATES
androidx.core.provider.FontsContractCompat$FontRequestCallback$FontRequestFailReason
androidx.core.provider.FontsContractCompat$FontRequestCallback:
    public static final int FAIL_REASON_FONT_LOAD_ERROR
    public static final int FAIL_REASON_FONT_NOT_FOUND
    public static final int FAIL_REASON_FONT_UNAVAILABLE
    public static final int FAIL_REASON_MALFORMED_QUERY
    public static final int FAIL_REASON_PROVIDER_NOT_FOUND
    public static final int FAIL_REASON_SECURITY_VIOLATION
    public static final int FAIL_REASON_WRONG_CERTIFICATES
    public static final int RESULT_OK
    static final int RESULT_SUCCESS
androidx.core.provider.FontsContractCompat:
    public static final java.lang.String PARCEL_FONT_RESULTS
    static final int RESULT_CODE_PROVIDER_NOT_FOUND
    static final int RESULT_CODE_WRONG_CERTIFICATES
    private void <init>()
    public static android.graphics.Typeface getFontSync(android.content.Context,androidx.core.provider.FontRequest,androidx.core.content.res.ResourcesCompat$FontCallback,android.os.Handler,boolean,int,int)
    public static android.content.pm.ProviderInfo getProvider(android.content.pm.PackageManager,androidx.core.provider.FontRequest,android.content.res.Resources)
    public static java.util.Map prepareFontData(android.content.Context,androidx.core.provider.FontsContractCompat$FontInfo[],android.os.CancellationSignal)
    public static void requestFont(android.content.Context,androidx.core.provider.FontRequest,androidx.core.provider.FontsContractCompat$FontRequestCallback,android.os.Handler)
    public static void resetCache()
    public static void resetTypefaceCache()
androidx.core.provider.RequestExecutor$HandlerExecutor
androidx.core.provider.RequestExecutor:
    private void <init>()
    static java.util.concurrent.Executor createHandlerExecutor(android.os.Handler)